E:\PROJECTS\MINOR PROJECT\OPENCV\DEBUG\OPENCV.EXE
E:\PROJECTS\MINOR PROJECT\OPENCV\DEBUG\OPENCV.ILK
E:\PROJECTS\MINOR PROJECT\OPENCV\DEBUG\OPENCV.PDB
E:\PROJECTS\MINOR PROJECT\OPENCV\OPENCV\DEBUG\CAMERACONTROLLER.OBJ
E:\Projects\Minor Project\OPENCV\OPENCV\Debug\cl.command.1.tlog
E:\Projects\Minor Project\OPENCV\OPENCV\Debug\CL.read.1.tlog
E:\Projects\Minor Project\OPENCV\OPENCV\Debug\CL.write.1.tlog
E:\PROJECTS\MINOR PROJECT\OPENCV\OPENCV\DEBUG\HANDDETECTOR.OBJ
E:\PROJECTS\MINOR PROJECT\OPENCV\OPENCV\DEBUG\HANDGESTURECONTROLLER.OBJ
E:\Projects\Minor Project\OPENCV\OPENCV\Debug\link.10092.read.1.tlog
E:\Projects\Minor Project\OPENCV\OPENCV\Debug\link.10092.write.1.tlog
E:\Projects\Minor Project\OPENCV\OPENCV\Debug\link.10092-cvtres.read.1.tlog
E:\Projects\Minor Project\OPENCV\OPENCV\Debug\link.10092-cvtres.write.1.tlog
E:\Projects\Minor Project\OPENCV\OPENCV\Debug\link.1148.read.1.tlog
E:\Projects\Minor Project\OPENCV\OPENCV\Debug\link.1148.write.1.tlog
E:\Projects\Minor Project\OPENCV\OPENCV\Debug\link.1148-cvtres.read.1.tlog
E:\Projects\Minor Project\OPENCV\OPENCV\Debug\link.1148-cvtres.write.1.tlog
E:\Projects\Minor Project\OPENCV\OPENCV\Debug\link.1204.read.1.tlog
E:\Projects\Minor Project\OPENCV\OPENCV\Debug\link.1204.write.1.tlog
E:\Projects\Minor Project\OPENCV\OPENCV\Debug\link.1204-cvtres.read.1.tlog
E:\Projects\Minor Project\OPENCV\OPENCV\Debug\link.1204-cvtres.write.1.tlog
E:\Projects\Minor Project\OPENCV\OPENCV\Debug\link.2828.read.1.tlog
E:\Projects\Minor Project\OPENCV\OPENCV\Debug\link.2828.write.1.tlog
E:\Projects\Minor Project\OPENCV\OPENCV\Debug\link.2828-cvtres.read.1.tlog
E:\Projects\Minor Project\OPENCV\OPENCV\Debug\link.2828-cvtres.write.1.tlog
E:\Projects\Minor Project\OPENCV\OPENCV\Debug\link.3240.read.1.tlog
E:\Projects\Minor Project\OPENCV\OPENCV\Debug\link.3240.write.1.tlog
E:\Projects\Minor Project\OPENCV\OPENCV\Debug\link.3240-cvtres.read.1.tlog
E:\Projects\Minor Project\OPENCV\OPENCV\Debug\link.3240-cvtres.write.1.tlog
E:\Projects\Minor Project\OPENCV\OPENCV\Debug\link.3480.read.1.tlog
E:\Projects\Minor Project\OPENCV\OPENCV\Debug\link.3480.write.1.tlog
E:\Projects\Minor Project\OPENCV\OPENCV\Debug\link.3480-cvtres.read.1.tlog
E:\Projects\Minor Project\OPENCV\OPENCV\Debug\link.3480-cvtres.write.1.tlog
E:\Projects\Minor Project\OPENCV\OPENCV\Debug\link.4192.read.1.tlog
E:\Projects\Minor Project\OPENCV\OPENCV\Debug\link.4192.write.1.tlog
E:\Projects\Minor Project\OPENCV\OPENCV\Debug\link.4192-cvtres.read.1.tlog
E:\Projects\Minor Project\OPENCV\OPENCV\Debug\link.4192-cvtres.write.1.tlog
E:\Projects\Minor Project\OPENCV\OPENCV\Debug\link.4724.read.1.tlog
E:\Projects\Minor Project\OPENCV\OPENCV\Debug\link.4724.write.1.tlog
E:\Projects\Minor Project\OPENCV\OPENCV\Debug\link.4724-cvtres.read.1.tlog
E:\Projects\Minor Project\OPENCV\OPENCV\Debug\link.4724-cvtres.write.1.tlog
E:\Projects\Minor Project\OPENCV\OPENCV\Debug\link.5376.read.1.tlog
E:\Projects\Minor Project\OPENCV\OPENCV\Debug\link.5376.write.1.tlog
E:\Projects\Minor Project\OPENCV\OPENCV\Debug\link.5376-cvtres.read.1.tlog
E:\Projects\Minor Project\OPENCV\OPENCV\Debug\link.5376-cvtres.write.1.tlog
E:\Projects\Minor Project\OPENCV\OPENCV\Debug\link.5428.read.1.tlog
E:\Projects\Minor Project\OPENCV\OPENCV\Debug\link.5428.write.1.tlog
E:\Projects\Minor Project\OPENCV\OPENCV\Debug\link.5428-cvtres.read.1.tlog
E:\Projects\Minor Project\OPENCV\OPENCV\Debug\link.5428-cvtres.write.1.tlog
E:\Projects\Minor Project\OPENCV\OPENCV\Debug\link.5624.read.1.tlog
E:\Projects\Minor Project\OPENCV\OPENCV\Debug\link.5624.write.1.tlog
E:\Projects\Minor Project\OPENCV\OPENCV\Debug\link.5624-cvtres.read.1.tlog
E:\Projects\Minor Project\OPENCV\OPENCV\Debug\link.5624-cvtres.write.1.tlog
E:\Projects\Minor Project\OPENCV\OPENCV\Debug\link.5684.read.1.tlog
E:\Projects\Minor Project\OPENCV\OPENCV\Debug\link.5684.write.1.tlog
E:\Projects\Minor Project\OPENCV\OPENCV\Debug\link.5684-cvtres.read.1.tlog
E:\Projects\Minor Project\OPENCV\OPENCV\Debug\link.5684-cvtres.write.1.tlog
E:\Projects\Minor Project\OPENCV\OPENCV\Debug\link.6200.read.1.tlog
E:\Projects\Minor Project\OPENCV\OPENCV\Debug\link.6200.write.1.tlog
E:\Projects\Minor Project\OPENCV\OPENCV\Debug\link.6200-cvtres.read.1.tlog
E:\Projects\Minor Project\OPENCV\OPENCV\Debug\link.6200-cvtres.write.1.tlog
E:\Projects\Minor Project\OPENCV\OPENCV\Debug\link.6248.read.1.tlog
E:\Projects\Minor Project\OPENCV\OPENCV\Debug\link.6248.write.1.tlog
E:\Projects\Minor Project\OPENCV\OPENCV\Debug\link.6248-cvtres.read.1.tlog
E:\Projects\Minor Project\OPENCV\OPENCV\Debug\link.6248-cvtres.write.1.tlog
E:\Projects\Minor Project\OPENCV\OPENCV\Debug\link.6264.read.1.tlog
E:\Projects\Minor Project\OPENCV\OPENCV\Debug\link.6264.write.1.tlog
E:\Projects\Minor Project\OPENCV\OPENCV\Debug\link.6264-cvtres.read.1.tlog
E:\Projects\Minor Project\OPENCV\OPENCV\Debug\link.6264-cvtres.write.1.tlog
E:\Projects\Minor Project\OPENCV\OPENCV\Debug\link.6284.read.1.tlog
E:\Projects\Minor Project\OPENCV\OPENCV\Debug\link.6284.write.1.tlog
E:\Projects\Minor Project\OPENCV\OPENCV\Debug\link.6284-cvtres.read.1.tlog
E:\Projects\Minor Project\OPENCV\OPENCV\Debug\link.6284-cvtres.write.1.tlog
E:\Projects\Minor Project\OPENCV\OPENCV\Debug\link.6324.read.1.tlog
E:\Projects\Minor Project\OPENCV\OPENCV\Debug\link.6324.write.1.tlog
E:\Projects\Minor Project\OPENCV\OPENCV\Debug\link.6324-cvtres.read.1.tlog
E:\Projects\Minor Project\OPENCV\OPENCV\Debug\link.6324-cvtres.write.1.tlog
E:\Projects\Minor Project\OPENCV\OPENCV\Debug\link.6356.read.1.tlog
E:\Projects\Minor Project\OPENCV\OPENCV\Debug\link.6356.write.1.tlog
E:\Projects\Minor Project\OPENCV\OPENCV\Debug\link.6356-cvtres.read.1.tlog
E:\Projects\Minor Project\OPENCV\OPENCV\Debug\link.6356-cvtres.write.1.tlog
E:\Projects\Minor Project\OPENCV\OPENCV\Debug\link.6544.read.1.tlog
E:\Projects\Minor Project\OPENCV\OPENCV\Debug\link.6544.write.1.tlog
E:\Projects\Minor Project\OPENCV\OPENCV\Debug\link.6544-cvtres.read.1.tlog
E:\Projects\Minor Project\OPENCV\OPENCV\Debug\link.6544-cvtres.write.1.tlog
E:\Projects\Minor Project\OPENCV\OPENCV\Debug\link.6916.read.1.tlog
E:\Projects\Minor Project\OPENCV\OPENCV\Debug\link.6916.write.1.tlog
E:\Projects\Minor Project\OPENCV\OPENCV\Debug\link.6916-cvtres.read.1.tlog
E:\Projects\Minor Project\OPENCV\OPENCV\Debug\link.6916-cvtres.write.1.tlog
E:\Projects\Minor Project\OPENCV\OPENCV\Debug\link.7992.read.1.tlog
E:\Projects\Minor Project\OPENCV\OPENCV\Debug\link.7992.write.1.tlog
E:\Projects\Minor Project\OPENCV\OPENCV\Debug\link.7992-cvtres.read.1.tlog
E:\Projects\Minor Project\OPENCV\OPENCV\Debug\link.7992-cvtres.write.1.tlog
E:\Projects\Minor Project\OPENCV\OPENCV\Debug\link.8260.read.1.tlog
E:\Projects\Minor Project\OPENCV\OPENCV\Debug\link.8260.write.1.tlog
E:\Projects\Minor Project\OPENCV\OPENCV\Debug\link.8260-cvtres.read.1.tlog
E:\Projects\Minor Project\OPENCV\OPENCV\Debug\link.8260-cvtres.write.1.tlog
E:\Projects\Minor Project\OPENCV\OPENCV\Debug\link.8364.read.1.tlog
E:\Projects\Minor Project\OPENCV\OPENCV\Debug\link.8364.write.1.tlog
E:\Projects\Minor Project\OPENCV\OPENCV\Debug\link.8364-cvtres.read.1.tlog
E:\Projects\Minor Project\OPENCV\OPENCV\Debug\link.8364-cvtres.write.1.tlog
E:\Projects\Minor Project\OPENCV\OPENCV\Debug\link.8480.read.1.tlog
E:\Projects\Minor Project\OPENCV\OPENCV\Debug\link.8480.write.1.tlog
E:\Projects\Minor Project\OPENCV\OPENCV\Debug\link.8480-cvtres.read.1.tlog
E:\Projects\Minor Project\OPENCV\OPENCV\Debug\link.8480-cvtres.write.1.tlog
E:\Projects\Minor Project\OPENCV\OPENCV\Debug\link.8628.read.1.tlog
E:\Projects\Minor Project\OPENCV\OPENCV\Debug\link.8628.write.1.tlog
E:\Projects\Minor Project\OPENCV\OPENCV\Debug\link.8628-cvtres.read.1.tlog
E:\Projects\Minor Project\OPENCV\OPENCV\Debug\link.8628-cvtres.write.1.tlog
E:\Projects\Minor Project\OPENCV\OPENCV\Debug\link.8920.read.1.tlog
E:\Projects\Minor Project\OPENCV\OPENCV\Debug\link.8920.write.1.tlog
E:\Projects\Minor Project\OPENCV\OPENCV\Debug\link.8920-cvtres.read.1.tlog
E:\Projects\Minor Project\OPENCV\OPENCV\Debug\link.8920-cvtres.write.1.tlog
E:\Projects\Minor Project\OPENCV\OPENCV\Debug\link.9136.read.1.tlog
E:\Projects\Minor Project\OPENCV\OPENCV\Debug\link.9136.write.1.tlog
E:\Projects\Minor Project\OPENCV\OPENCV\Debug\link.9136-cvtres.read.1.tlog
E:\Projects\Minor Project\OPENCV\OPENCV\Debug\link.9136-cvtres.write.1.tlog
E:\Projects\Minor Project\OPENCV\OPENCV\Debug\link.9980.read.1.tlog
E:\Projects\Minor Project\OPENCV\OPENCV\Debug\link.9980.write.1.tlog
E:\Projects\Minor Project\OPENCV\OPENCV\Debug\link.9980-cvtres.read.1.tlog
E:\Projects\Minor Project\OPENCV\OPENCV\Debug\link.9980-cvtres.write.1.tlog
E:\Projects\Minor Project\OPENCV\OPENCV\Debug\link.9992.read.1.tlog
E:\Projects\Minor Project\OPENCV\OPENCV\Debug\link.9992.write.1.tlog
E:\Projects\Minor Project\OPENCV\OPENCV\Debug\link.9992-cvtres.read.1.tlog
E:\Projects\Minor Project\OPENCV\OPENCV\Debug\link.9992-cvtres.write.1.tlog
E:\Projects\Minor Project\OPENCV\OPENCV\Debug\link.command.1.tlog
E:\Projects\Minor Project\OPENCV\OPENCV\Debug\link.read.1.tlog
E:\Projects\Minor Project\OPENCV\OPENCV\Debug\link.write.1.tlog
E:\Projects\Minor Project\OPENCV\OPENCV\Debug\link-cvtres.read.1.tlog
E:\Projects\Minor Project\OPENCV\OPENCV\Debug\link-cvtres.write.1.tlog
E:\PROJECTS\MINOR PROJECT\OPENCV\OPENCV\DEBUG\MAIN.OBJ
E:\PROJECTS\MINOR PROJECT\OPENCV\OPENCV\DEBUG\MOUSECONTROLLER.OBJ
E:\Projects\Minor Project\OPENCV\OPENCV\Debug\mt.command.1.tlog
E:\Projects\Minor Project\OPENCV\OPENCV\Debug\mt.read.1.tlog
E:\Projects\Minor Project\OPENCV\OPENCV\Debug\mt.write.1.tlog
E:\PROJECTS\MINOR PROJECT\OPENCV\OPENCV\DEBUG\OPENCV.EXE.EMBED.MANIFEST
E:\PROJECTS\MINOR PROJECT\OPENCV\OPENCV\DEBUG\OPENCV.EXE.EMBED.MANIFEST.RES
E:\PROJECTS\MINOR PROJECT\OPENCV\OPENCV\DEBUG\OPENCV.EXE.INTERMEDIATE.MANIFEST
E:\Projects\Minor Project\OPENCV\OPENCV\Debug\OPENCV.vcxprojResolveAssemblyReference.cache
E:\Projects\Minor Project\OPENCV\OPENCV\Debug\OPENCV.write.1.tlog
E:\Projects\Minor Project\OPENCV\OPENCV\Debug\OPENCV_manifest.rc
E:\Projects\Minor Project\OPENCV\OPENCV\Debug\rc.command.1.tlog
E:\Projects\Minor Project\OPENCV\OPENCV\Debug\rc.read.1.tlog
E:\Projects\Minor Project\OPENCV\OPENCV\Debug\rc.write.1.tlog
E:\PROJECTS\MINOR PROJECT\OPENCV\OPENCV\DEBUG\SKINDETECTOR.OBJ
E:\PROJECTS\MINOR PROJECT\OPENCV\OPENCV\DEBUG\SOCKET.OBJ
E:\Projects\Minor Project\OPENCV\OPENCV\Debug\vc100.idb
E:\PROJECTS\MINOR PROJECT\OPENCV\OPENCV\DEBUG\VC100.PDB
