Build started 11/17/2015 3:21:22 PM.
     1>Project "E:\Projects\Minor Project\OPENCV\OPENCV\OPENCV.vcxproj" on node 2 (build target(s)).
     1>InitializeBuildStatus:
         Touching "Debug\OPENCV.unsuccessfulbuild".
       ClCompile:
         All outputs are up-to-date.
         E:\Softwares\Visual Studio 2010\VC\bin\CL.exe /c /IE:\Dump\projects\opencv\build\include /I"$OPENCV_BUILD%" /I"%" /ZI /nologo /W3 /WX- /Od /Oy- /D WIN32 /D _DEBUG /D _CONSOLE /D _UNICODE /D UNICODE /Gm /EHsc /RTC1 /MDd /GS /fp:precise /Zc:wchar_t /Zc:forScope /Fo"Debug\\" /Fd"Debug\vc100.pdb" /Gd /TP /analyze- /errorReport:prompt CHelper.cpp HandGestureController.cpp HandDetector.cpp main.cpp MouseController.cpp Paint.cpp SkinDetector.cpp Socket.cpp
         Socket.cpp
         SkinDetector.cpp
     1>e:\projects\minor project\opencv\opencv\skindetector.cpp(89): warning C4018: '<' : signed/unsigned mismatch
     1>e:\projects\minor project\opencv\opencv\skindetector.cpp(118): warning C4018: '<' : signed/unsigned mismatch
     1>e:\projects\minor project\opencv\opencv\skindetector.cpp(363): warning C4018: '<' : signed/unsigned mismatch
     1>e:\projects\minor project\opencv\opencv\skindetector.cpp(548): warning C4018: '<' : signed/unsigned mismatch
     1>e:\projects\minor project\opencv\opencv\skindetector.cpp(596): warning C4018: '<' : signed/unsigned mismatch
     1>e:\projects\minor project\opencv\opencv\skindetector.cpp(612): warning C4018: '<' : signed/unsigned mismatch
     1>e:\projects\minor project\opencv\opencv\skindetector.cpp(769): warning C4018: '<' : signed/unsigned mismatch
         Paint.cpp
         MouseController.cpp
     1>e:\projects\minor project\opencv\opencv\mousecontroller.cpp(19): warning C4018: '<' : signed/unsigned mismatch
     1>e:\projects\minor project\opencv\opencv\mousecontroller.cpp(51): warning C4244: 'argument' : conversion from 'float' to 'int', possible loss of data
     1>e:\projects\minor project\opencv\opencv\mousecontroller.cpp(51): warning C4244: 'argument' : conversion from 'double' to 'int', possible loss of data
     1>e:\projects\minor project\opencv\opencv\mousecontroller.cpp(85): warning C4244: 'initializing' : conversion from 'const int' to 'float', possible loss of data
     1>e:\projects\minor project\opencv\opencv\mousecontroller.cpp(86): warning C4244: 'initializing' : conversion from 'const int' to 'float', possible loss of data
         main.cpp
     1>e:\projects\minor project\opencv\opencv\main.cpp(259): warning C4018: '<' : signed/unsigned mismatch
     1>e:\projects\minor project\opencv\opencv\main.cpp(262): warning C4244: '=' : conversion from 'double' to 'float', possible loss of data
     1>e:\projects\minor project\opencv\opencv\main.cpp(266): warning C4244: '=' : conversion from 'int' to 'float', possible loss of data
         HandDetector.cpp
     1>e:\projects\minor project\opencv\opencv\handdetector.cpp(26): warning C4018: '<' : signed/unsigned mismatch
     1>e:\projects\minor project\opencv\opencv\handdetector.cpp(36): warning C4018: '<' : signed/unsigned mismatch
     1>e:\projects\minor project\opencv\opencv\handdetector.cpp(42): warning C4244: '=' : conversion from 'double' to 'int', possible loss of data
     1>e:\projects\minor project\opencv\opencv\handdetector.cpp(57): warning C4244: 'argument' : conversion from 'double' to 'float', possible loss of data
     1>e:\projects\minor project\opencv\opencv\handdetector.cpp(57): warning C4244: 'argument' : conversion from 'double' to 'float', possible loss of data
     1>e:\projects\minor project\opencv\opencv\handdetector.cpp(75): warning C4244: 'argument' : conversion from 'double' to 'float', possible loss of data
     1>e:\projects\minor project\opencv\opencv\handdetector.cpp(75): warning C4244: 'argument' : conversion from 'double' to 'float', possible loss of data
     1>e:\projects\minor project\opencv\opencv\handdetector.cpp(77): warning C4244: 'argument' : conversion from 'float' to 'int', possible loss of data
     1>e:\projects\minor project\opencv\opencv\handdetector.cpp(77): warning C4244: 'argument' : conversion from 'float' to 'int', possible loss of data
     1>e:\projects\minor project\opencv\opencv\handdetector.cpp(99): warning C4018: '<' : signed/unsigned mismatch
     1>e:\projects\minor project\opencv\opencv\handdetector.cpp(140): warning C4244: '=' : conversion from 'float' to 'int', possible loss of data
     1>e:\projects\minor project\opencv\opencv\handdetector.cpp(141): warning C4244: '=' : conversion from 'float' to 'int', possible loss of data
     1>e:\projects\minor project\opencv\opencv\handdetector.cpp(91): warning C4101: 'radius' : unreferenced local variable
     1>e:\projects\minor project\opencv\opencv\handdetector.cpp(221): warning C4244: 'argument' : conversion from 'double' to 'int', possible loss of data
     1>e:\projects\minor project\opencv\opencv\handdetector.cpp(221): warning C4244: 'argument' : conversion from 'double' to 'int', possible loss of data
     1>e:\projects\minor project\opencv\opencv\handdetector.cpp(239): warning C4244: 'argument' : conversion from 'double' to 'int', possible loss of data
     1>e:\projects\minor project\opencv\opencv\handdetector.cpp(239): warning C4244: 'argument' : conversion from 'double' to 'int', possible loss of data
     1>e:\projects\minor project\opencv\opencv\handdetector.cpp(240): warning C4244: 'argument' : conversion from 'double' to 'int', possible loss of data
     1>e:\projects\minor project\opencv\opencv\handdetector.cpp(240): warning C4244: 'argument' : conversion from 'double' to 'int', possible loss of data
         HandGestureController.cpp
     1>e:\projects\minor project\opencv\opencv\handgesturecontroller.cpp(32): warning C4244: 'initializing' : conversion from 'float' to 'int', possible loss of data
     1>e:\projects\minor project\opencv\opencv\handgesturecontroller.cpp(46): warning C4244: 'initializing' : conversion from 'float' to 'int', possible loss of data
         CHelper.cpp
     1>e:\projects\minor project\opencv\opencv\chelper.cpp(45): warning C4018: '<' : signed/unsigned mismatch
     1>e:\projects\minor project\opencv\opencv\chelper.cpp(51): warning C4244: '=' : conversion from 'double' to 'int', possible loss of data
         Generating Code...
       ManifestResourceCompile:
         All outputs are up-to-date.
       Link:
         E:\Softwares\Visual Studio 2010\VC\bin\link.exe /ERRORREPORT:PROMPT /OUT:"E:\Projects\Minor Project\OPENCV\Debug\OPENCV.exe" /INCREMENTAL /NOLOGO /LIBPATH:E:\Dump\projects\opencv\build\x86\vc10\lib /LIBPATH:E:\Dump\projects\opencv\build\x64\vc10\lib opencv_calib3d245d.lib opencv_contrib245d.lib opencv_core245d.lib opencv_features2d245d.lib opencv_flann245d.lib opencv_gpu245d.lib opencv_haartraining_engined.lib opencv_highgui245d.lib opencv_imgproc245d.lib opencv_legacy245d.lib opencv_ml245d.lib opencv_nonfree245d.lib opencv_objdetect245d.lib opencv_photo245d.lib opencv_stitching245d.lib opencv_superres245d.lib opencv_ts245d.lib opencv_video245d.lib opencv_videostab245d.lib kernel32.lib user32.lib gdi32.lib winspool.lib comdlg32.lib advapi32.lib shell32.lib ole32.lib oleaut32.lib uuid.lib odbc32.lib odbccp32.lib /MANIFEST /ManifestFile:"Debug\OPENCV.exe.intermediate.manifest" /MANIFESTUAC:"level='asInvoker' uiAccess='false'" /DEBUG /PDB:"E:\Projects\Minor Project\OPENCV\Debug\OPENCV.pdb" /SUBSYSTEM:CONSOLE /TLBID:1 /DYNAMICBASE /NXCOMPAT /IMPLIB:"E:\Projects\Minor Project\OPENCV\Debug\OPENCV.lib" /MACHINE:X86 Debug\OPENCV.exe.embed.manifest.res
         Debug\CHelper.obj
         Debug\HandGestureController.obj
         Debug\HandDetector.obj
         Debug\main.obj
         Debug\MouseController.obj
         Debug\Paint.obj
         Debug\SkinDetector.obj
         Debug\Socket.obj
       Manifest:
         C:\Program Files (x86)\Microsoft SDKs\Windows\v7.0A\bin\mt.exe /nologo /verbose /out:"Debug\OPENCV.exe.embed.manifest" /manifest Debug\OPENCV.exe.intermediate.manifest
         All outputs are up-to-date.
       LinkEmbedManifest:
         All outputs are up-to-date.
         OPENCV.vcxproj -> E:\Projects\Minor Project\OPENCV\Debug\OPENCV.exe
       FinalizeBuildStatus:
         Deleting file "Debug\OPENCV.unsuccessfulbuild".
         Touching "Debug\OPENCV.lastbuildstate".
     1>Done Building Project "E:\Projects\Minor Project\OPENCV\OPENCV\OPENCV.vcxproj" (build target(s)).

Build succeeded.

Time Elapsed 00:00:25.66
